mode: set
termrome.io/cmd/termrome/main.go:11.49,13.16 2 1
termrome.io/cmd/termrome/main.go:13.16,15.3 1 0
termrome.io/cmd/termrome/main.go:17.2,20.16 3 1
termrome.io/cmd/termrome/main.go:20.16,22.3 1 0
termrome.io/cmd/termrome/main.go:24.2,24.27 1 1
termrome.io/cmd/termrome/main.go:27.13,28.22 1 0
termrome.io/cmd/termrome/main.go:28.22,29.43 1 0
termrome.io/cmd/termrome/main.go:32.2,36.16 3 0
termrome.io/cmd/termrome/main.go:36.16,37.63 1 0
termrome.io/cmd/termrome/main.go:40.2,40.16 1 0
termrome.io/cmd/termrome/main.go:40.16,42.3 1 0
termrome.io/cmd/termrome/main.go:44.2,46.16 2 0
termrome.io/cmd/termrome/main.go:46.16,47.63 1 0
termrome.io/cmd/termrome/main.go:50.2,54.16 3 0
termrome.io/cmd/termrome/main.go:54.16,55.64 1 0
termrome.io/cmd/termrome/main.go:58.2,62.16 3 0
termrome.io/cmd/termrome/main.go:62.16,63.54 1 0
termrome.io/cmd/termrome/main.go:66.2,66.57 1 0
termrome.io/lexer/Lexer.go:7.55,14.2 2 0
termrome.io/lexer/Lexer.go:16.52,23.37 5 1
termrome.io/lexer/Lexer.go:23.37,25.24 2 1
termrome.io/lexer/Lexer.go:25.24,28.4 2 1
termrome.io/lexer/Lexer.go:30.3,30.14 1 1
termrome.io/lexer/Lexer.go:33.2,39.86 2 1
termrome.io/lexer/Lexer.go:39.86,40.109 1 1
termrome.io/lexer/Lexer.go:40.109,43.23 2 1
termrome.io/lexer/Lexer.go:43.23,45.5 1 0
termrome.io/lexer/Lexer.go:47.4,47.28 1 1
termrome.io/lexer/Lexer.go:47.28,49.26 2 1
termrome.io/lexer/Lexer.go:49.26,51.6 1 1
termrome.io/lexer/Lexer.go:51.11,53.6 1 0
termrome.io/lexer/Lexer.go:57.3,57.26 1 1
termrome.io/lexer/Lexer.go:57.26,60.21 2 1
termrome.io/lexer/Lexer.go:60.21,62.5 1 1
termrome.io/lexer/Lexer.go:64.4,66.26 2 1
termrome.io/lexer/Lexer.go:66.26,69.5 2 0
termrome.io/lexer/Lexer.go:71.4,71.93 1 1
termrome.io/lexer/Lexer.go:74.3,74.13 1 1
termrome.io/lexer/Lexer.go:77.2,77.49 1 1
termrome.io/lexer/Lexer.go:77.49,80.45 1 1
termrome.io/lexer/Lexer.go:80.45,87.18 2 1
termrome.io/lexer/Lexer.go:87.18,89.5 1 0
termrome.io/lexer/Lexer.go:90.4,90.12 1 1
termrome.io/lexer/Lexer.go:93.3,93.47 1 1
termrome.io/lexer/Lexer.go:93.47,100.18 2 1
termrome.io/lexer/Lexer.go:100.18,102.5 1 0
termrome.io/lexer/Lexer.go:103.4,103.12 1 1
termrome.io/lexer/Lexer.go:106.3,106.46 1 1
termrome.io/lexer/Lexer.go:106.46,113.18 2 1
termrome.io/lexer/Lexer.go:113.18,115.5 1 0
termrome.io/lexer/Lexer.go:116.4,116.12 1 1
termrome.io/lexer/Lexer.go:120.3,120.56 1 1
termrome.io/lexer/Lexer.go:120.56,123.18 2 0
termrome.io/lexer/Lexer.go:123.18,125.5 1 0
termrome.io/lexer/Lexer.go:127.4,133.18 2 0
termrome.io/lexer/Lexer.go:133.18,135.5 1 0
termrome.io/lexer/Lexer.go:136.4,136.12 1 0
termrome.io/lexer/Lexer.go:139.3,139.52 1 1
termrome.io/lexer/Lexer.go:139.52,140.12 1 1
termrome.io/lexer/Lexer.go:144.3,144.46 1 1
termrome.io/lexer/Lexer.go:144.46,149.19 4 1
termrome.io/lexer/Lexer.go:149.19,151.5 1 1
termrome.io/lexer/Lexer.go:153.4,153.55 1 1
termrome.io/lexer/Lexer.go:153.55,158.5 4 0
termrome.io/lexer/Lexer.go:160.4,160.25 1 1
termrome.io/lexer/Lexer.go:160.25,162.5 1 1
termrome.io/lexer/Lexer.go:162.10,162.26 1 1
termrome.io/lexer/Lexer.go:162.26,164.5 1 1
termrome.io/lexer/Lexer.go:165.4,171.18 2 1
termrome.io/lexer/Lexer.go:171.18,173.5 1 0
termrome.io/lexer/Lexer.go:174.4,174.12 1 1
termrome.io/lexer/Lexer.go:177.3,177.43 1 1
termrome.io/lexer/Lexer.go:177.43,182.18 4 1
termrome.io/lexer/Lexer.go:182.18,184.5 1 0
termrome.io/lexer/Lexer.go:186.4,189.40 3 1
termrome.io/lexer/Lexer.go:189.40,191.5 1 1
termrome.io/lexer/Lexer.go:193.4,199.18 2 1
termrome.io/lexer/Lexer.go:199.18,201.5 1 0
termrome.io/lexer/Lexer.go:202.4,202.12 1 1
termrome.io/lexer/Lexer.go:205.3,205.44 1 1
termrome.io/lexer/Lexer.go:205.44,212.58 2 1
termrome.io/lexer/Lexer.go:212.58,219.19 2 1
termrome.io/lexer/Lexer.go:219.19,221.6 1 0
termrome.io/lexer/Lexer.go:222.5,222.13 1 1
termrome.io/lexer/Lexer.go:225.4,225.22 1 1
termrome.io/lexer/Lexer.go:225.22,226.13 1 1
termrome.io/lexer/Lexer.go:229.4,237.40 4 1
termrome.io/lexer/Lexer.go:237.40,239.5 1 1
termrome.io/lexer/Lexer.go:239.10,239.40 1 1
termrome.io/lexer/Lexer.go:239.40,241.5 1 0
termrome.io/lexer/Lexer.go:243.4,249.18 2 1
termrome.io/lexer/Lexer.go:249.18,251.5 1 0
termrome.io/lexer/Lexer.go:252.4,253.12 2 1
termrome.io/lexer/Lexer.go:256.3,256.41 1 1
termrome.io/lexer/Lexer.go:256.41,260.40 3 1
termrome.io/lexer/Lexer.go:260.40,267.19 2 0
termrome.io/lexer/Lexer.go:267.19,269.6 1 0
termrome.io/lexer/Lexer.go:270.5,270.13 1 0
termrome.io/lexer/Lexer.go:273.4,273.82 1 1
termrome.io/lexer/Lexer.go:273.82,276.5 2 1
termrome.io/lexer/Lexer.go:277.4,283.18 2 1
termrome.io/lexer/Lexer.go:283.18,285.5 1 0
termrome.io/lexer/Lexer.go:286.4,286.12 1 1
termrome.io/lexer/Lexer.go:289.3,289.42 1 1
termrome.io/lexer/Lexer.go:289.42,292.102 2 1
termrome.io/lexer/Lexer.go:292.102,293.13 1 1
termrome.io/lexer/Lexer.go:296.4,298.26 2 1
termrome.io/lexer/Lexer.go:298.26,300.5 1 1
termrome.io/lexer/Lexer.go:302.4,311.19 3 1
termrome.io/lexer/Lexer.go:311.19,313.5 1 0
termrome.io/lexer/Lexer.go:315.4,317.14 3 1
termrome.io/lexer/Lexer.go:317.14,320.5 2 1
termrome.io/lexer/Lexer.go:320.10,325.5 1 0
termrome.io/lexer/Lexer.go:327.4,330.40 3 1
termrome.io/lexer/Lexer.go:330.40,332.5 1 1
termrome.io/lexer/Lexer.go:334.4,340.18 2 1
termrome.io/lexer/Lexer.go:340.18,342.5 1 0
termrome.io/lexer/Lexer.go:346.2,346.23 1 1
termrome.io/lexer/Lexer.go:346.23,350.25 3 0
termrome.io/lexer/Lexer.go:350.25,354.4 3 0
termrome.io/lexer/Lexer.go:356.3,356.30 1 0
termrome.io/lexer/Lexer.go:359.2,360.28 2 1
termrome.io/lexer/Lexer.go:360.28,363.22 3 0
termrome.io/lexer/Lexer.go:363.22,364.51 1 0
termrome.io/lexer/Lexer.go:364.51,365.28 1 0
termrome.io/lexer/Lexer.go:365.28,367.6 1 0
termrome.io/lexer/Lexer.go:368.10,370.5 1 0
termrome.io/lexer/Lexer.go:374.2,374.19 1 1
termrome.io/lexer/Nodes.go:19.37,19.54 1 0
termrome.io/lexer/Nodes.go:36.40,36.57 1 0
termrome.io/lexer/Nodes.go:38.57,44.2 4 1
termrome.io/lexer/Nodes.go:46.56,50.2 3 1
termrome.io/lexer/Nodes.go:53.44,60.2 2 1
termrome.io/lexer/Nodes.go:62.59,63.19 1 1
termrome.io/lexer/Nodes.go:63.19,65.3 1 0
termrome.io/lexer/Nodes.go:67.2,75.8 1 1
termrome.io/lexer/StateMachine.go:29.54,31.2 1 1
termrome.io/lexer/StateMachine.go:33.56,35.2 1 1
termrome.io/lexer/StateMachine.go:38.79,39.57 1 1
termrome.io/lexer/StateMachine.go:39.57,42.17 2 1
termrome.io/lexer/StateMachine.go:42.17,44.4 1 0
termrome.io/lexer/StateMachine.go:46.2,48.12 3 1
termrome.io/lexer/StateMachine.go:51.52,53.2 1 1
termrome.io/lexer/StateMachine.go:55.58,57.2 1 1
termrome.io/lexer/StateMachine.go:59.77,64.2 4 1
termrome.io/lexer/StateMachine.go:66.64,68.2 1 1
termrome.io/lexer/StateMachine.go:70.76,74.2 3 1
termrome.io/lexer/StateMachine.go:76.85,81.2 1 1
termrome.io/lexer/StateMachine.go:83.37,91.2 1 1
termrome.io/lexer/StateMachine.go:93.79,98.2 1 0
termrome.io/lexer/StateMachine.go:100.85,106.2 3 0
termrome.io/lexer/Token.go:10.38,12.2 1 0
termrome.io/lexer/Token.go:14.36,16.2 1 1
termrome.io/lexer/Token.go:18.45,23.2 1 1
termrome.io/lexer/Token.go:25.45,29.2 1 1
termrome.io/lexer/TransitionStrategyBuilder.go:11.110,14.2 2 1
termrome.io/lexer/TransitionStrategyBuilder.go:16.117,17.32 1 1
termrome.io/lexer/TransitionStrategyBuilder.go:17.32,19.3 1 1
termrome.io/lexer/TransitionStrategyBuilder.go:20.2,20.34 1 1
termrome.io/lexer/TransitionStrategyBuilder.go:23.120,24.32 1 1
termrome.io/lexer/TransitionStrategyBuilder.go:24.32,26.3 1 1
termrome.io/lexer/TransitionStrategyBuilder.go:27.2,27.34 1 1
termrome.io/lexer/TransitionStrategyBuilder.go:30.100,31.55 1 1
termrome.io/lexer/TransitionStrategyBuilder.go:31.55,34.48 2 1
termrome.io/lexer/TransitionStrategyBuilder.go:34.48,35.72 1 1
termrome.io/lexer/TransitionStrategyBuilder.go:35.72,37.5 1 1
termrome.io/lexer/TransitionStrategyBuilder.go:40.3,40.51 1 1
termrome.io/lexer/TransitionStrategyBuilder.go:40.51,41.74 1 1
termrome.io/lexer/TransitionStrategyBuilder.go:41.74,43.5 1 1
termrome.io/lexer/TransitionStrategyBuilder.go:46.3,46.126 1 1
termrome.io/lexer/TransitionStrategyBuilder.go:46.126,48.4 1 1
termrome.io/lexer/TransitionStrategyBuilder.go:50.3,50.27 1 1
termrome.io/lexer/TransitionStrategyBuilder.go:54.64,59.2 1 1
termrome.io/lexer/Utils.go:61.63,62.22 1 1
termrome.io/lexer/Utils.go:62.22,66.3 3 1
termrome.io/lexer/Utils.go:68.2,71.96 3 0
termrome.io/lexer/Utils.go:71.96,73.3 1 0
termrome.io/lexer/Utils.go:75.2,75.120 1 0
termrome.io/lexer/Utils.go:75.120,77.3 1 0
termrome.io/lexer/Utils.go:79.2,79.20 1 0
termrome.io/lexer/Utils.go:82.85,84.2 1 1
termrome.io/lexer/Utils.go:86.67,88.2 1 1
termrome.io/lexer/Utils.go:90.37,91.45 1 1
termrome.io/lexer/Utils.go:91.45,93.3 1 1
termrome.io/lexer/Utils.go:95.2,95.14 1 1
termrome.io/cmd/termrome/main.go:11.49,13.16 2 0
termrome.io/cmd/termrome/main.go:13.16,15.3 1 0
termrome.io/cmd/termrome/main.go:17.2,20.16 3 0
termrome.io/cmd/termrome/main.go:20.16,22.3 1 0
termrome.io/cmd/termrome/main.go:24.2,24.27 1 0
termrome.io/cmd/termrome/main.go:27.13,28.22 1 0
termrome.io/cmd/termrome/main.go:28.22,29.43 1 0
termrome.io/cmd/termrome/main.go:32.2,36.16 3 0
termrome.io/cmd/termrome/main.go:36.16,37.63 1 0
termrome.io/cmd/termrome/main.go:40.2,40.16 1 0
termrome.io/cmd/termrome/main.go:40.16,42.3 1 0
termrome.io/cmd/termrome/main.go:44.2,46.16 2 0
termrome.io/cmd/termrome/main.go:46.16,47.63 1 0
termrome.io/cmd/termrome/main.go:50.2,54.16 3 0
termrome.io/cmd/termrome/main.go:54.16,55.64 1 0
termrome.io/cmd/termrome/main.go:58.2,62.16 3 0
termrome.io/cmd/termrome/main.go:62.16,63.54 1 0
termrome.io/cmd/termrome/main.go:66.2,66.57 1 0
termrome.io/lexer/Lexer.go:7.55,14.2 2 1
termrome.io/lexer/Lexer.go:16.52,23.37 5 1
termrome.io/lexer/Lexer.go:23.37,25.24 2 1
termrome.io/lexer/Lexer.go:25.24,28.4 2 1
termrome.io/lexer/Lexer.go:30.3,30.14 1 1
termrome.io/lexer/Lexer.go:33.2,39.86 2 1
termrome.io/lexer/Lexer.go:39.86,40.109 1 1
termrome.io/lexer/Lexer.go:40.109,43.23 2 1
termrome.io/lexer/Lexer.go:43.23,45.5 1 0
termrome.io/lexer/Lexer.go:47.4,47.28 1 1
termrome.io/lexer/Lexer.go:47.28,49.26 2 1
termrome.io/lexer/Lexer.go:49.26,51.6 1 1
termrome.io/lexer/Lexer.go:51.11,53.6 1 1
termrome.io/lexer/Lexer.go:57.3,57.26 1 1
termrome.io/lexer/Lexer.go:57.26,60.21 2 1
termrome.io/lexer/Lexer.go:60.21,62.5 1 1
termrome.io/lexer/Lexer.go:64.4,66.26 2 1
termrome.io/lexer/Lexer.go:66.26,69.5 2 1
termrome.io/lexer/Lexer.go:71.4,71.93 1 1
termrome.io/lexer/Lexer.go:74.3,74.13 1 1
termrome.io/lexer/Lexer.go:77.2,77.49 1 1
termrome.io/lexer/Lexer.go:77.49,80.45 1 1
termrome.io/lexer/Lexer.go:80.45,87.18 2 1
termrome.io/lexer/Lexer.go:87.18,89.5 1 0
termrome.io/lexer/Lexer.go:90.4,90.12 1 1
termrome.io/lexer/Lexer.go:93.3,93.47 1 1
termrome.io/lexer/Lexer.go:93.47,100.18 2 1
termrome.io/lexer/Lexer.go:100.18,102.5 1 0
termrome.io/lexer/Lexer.go:103.4,103.12 1 1
termrome.io/lexer/Lexer.go:106.3,106.46 1 1
termrome.io/lexer/Lexer.go:106.46,113.18 2 1
termrome.io/lexer/Lexer.go:113.18,115.5 1 0
termrome.io/lexer/Lexer.go:116.4,116.12 1 1
termrome.io/lexer/Lexer.go:120.3,120.56 1 1
termrome.io/lexer/Lexer.go:120.56,123.18 2 1
termrome.io/lexer/Lexer.go:123.18,125.5 1 0
termrome.io/lexer/Lexer.go:127.4,133.18 2 1
termrome.io/lexer/Lexer.go:133.18,135.5 1 0
termrome.io/lexer/Lexer.go:136.4,136.12 1 1
termrome.io/lexer/Lexer.go:139.3,139.52 1 1
termrome.io/lexer/Lexer.go:139.52,140.12 1 0
termrome.io/lexer/Lexer.go:144.3,144.46 1 1
termrome.io/lexer/Lexer.go:144.46,149.19 4 1
termrome.io/lexer/Lexer.go:149.19,151.5 1 1
termrome.io/lexer/Lexer.go:153.4,153.55 1 1
termrome.io/lexer/Lexer.go:153.55,158.5 4 1
termrome.io/lexer/Lexer.go:160.4,160.25 1 1
termrome.io/lexer/Lexer.go:160.25,162.5 1 1
termrome.io/lexer/Lexer.go:162.10,162.26 1 1
termrome.io/lexer/Lexer.go:162.26,164.5 1 1
termrome.io/lexer/Lexer.go:165.4,171.18 2 1
termrome.io/lexer/Lexer.go:171.18,173.5 1 0
termrome.io/lexer/Lexer.go:174.4,174.12 1 1
termrome.io/lexer/Lexer.go:177.3,177.43 1 1
termrome.io/lexer/Lexer.go:177.43,182.18 4 1
termrome.io/lexer/Lexer.go:182.18,184.5 1 0
termrome.io/lexer/Lexer.go:186.4,189.40 3 1
termrome.io/lexer/Lexer.go:189.40,191.5 1 1
termrome.io/lexer/Lexer.go:193.4,199.18 2 1
termrome.io/lexer/Lexer.go:199.18,201.5 1 0
termrome.io/lexer/Lexer.go:202.4,202.12 1 1
termrome.io/lexer/Lexer.go:205.3,205.44 1 1
termrome.io/lexer/Lexer.go:205.44,212.58 2 1
termrome.io/lexer/Lexer.go:212.58,219.19 2 1
termrome.io/lexer/Lexer.go:219.19,221.6 1 0
termrome.io/lexer/Lexer.go:222.5,222.13 1 1
termrome.io/lexer/Lexer.go:225.4,225.22 1 1
termrome.io/lexer/Lexer.go:225.22,226.13 1 1
termrome.io/lexer/Lexer.go:229.4,237.40 4 1
termrome.io/lexer/Lexer.go:237.40,239.5 1 1
termrome.io/lexer/Lexer.go:239.10,239.40 1 1
termrome.io/lexer/Lexer.go:239.40,241.5 1 1
termrome.io/lexer/Lexer.go:243.4,249.18 2 1
termrome.io/lexer/Lexer.go:249.18,251.5 1 0
termrome.io/lexer/Lexer.go:252.4,253.12 2 1
termrome.io/lexer/Lexer.go:256.3,256.41 1 1
termrome.io/lexer/Lexer.go:256.41,260.40 3 1
termrome.io/lexer/Lexer.go:260.40,267.19 2 0
termrome.io/lexer/Lexer.go:267.19,269.6 1 0
termrome.io/lexer/Lexer.go:270.5,270.13 1 0
termrome.io/lexer/Lexer.go:273.4,273.82 1 1
termrome.io/lexer/Lexer.go:273.82,276.5 2 1
termrome.io/lexer/Lexer.go:277.4,283.18 2 1
termrome.io/lexer/Lexer.go:283.18,285.5 1 0
termrome.io/lexer/Lexer.go:286.4,286.12 1 1
termrome.io/lexer/Lexer.go:289.3,289.42 1 1
termrome.io/lexer/Lexer.go:289.42,292.102 2 1
termrome.io/lexer/Lexer.go:292.102,293.13 1 1
termrome.io/lexer/Lexer.go:296.4,298.26 2 1
termrome.io/lexer/Lexer.go:298.26,300.5 1 1
termrome.io/lexer/Lexer.go:302.4,311.19 3 1
termrome.io/lexer/Lexer.go:311.19,313.5 1 0
termrome.io/lexer/Lexer.go:315.4,317.14 3 1
termrome.io/lexer/Lexer.go:317.14,320.5 2 1
termrome.io/lexer/Lexer.go:320.10,325.5 1 0
termrome.io/lexer/Lexer.go:327.4,330.40 3 1
termrome.io/lexer/Lexer.go:330.40,332.5 1 1
termrome.io/lexer/Lexer.go:334.4,340.18 2 1
termrome.io/lexer/Lexer.go:340.18,342.5 1 0
termrome.io/lexer/Lexer.go:346.2,346.23 1 1
termrome.io/lexer/Lexer.go:346.23,350.25 3 1
termrome.io/lexer/Lexer.go:350.25,354.4 3 0
termrome.io/lexer/Lexer.go:356.3,356.30 1 1
termrome.io/lexer/Lexer.go:359.2,360.28 2 1
termrome.io/lexer/Lexer.go:360.28,363.22 3 1
termrome.io/lexer/Lexer.go:363.22,364.51 1 1
termrome.io/lexer/Lexer.go:364.51,365.28 1 1
termrome.io/lexer/Lexer.go:365.28,367.6 1 1
termrome.io/lexer/Lexer.go:368.10,370.5 1 0
termrome.io/lexer/Lexer.go:374.2,374.19 1 1
termrome.io/lexer/Nodes.go:19.37,19.54 1 1
termrome.io/lexer/Nodes.go:36.40,36.57 1 1
termrome.io/lexer/Nodes.go:38.57,44.2 4 1
termrome.io/lexer/Nodes.go:46.56,50.2 3 1
termrome.io/lexer/Nodes.go:53.44,60.2 2 1
termrome.io/lexer/Nodes.go:62.59,63.19 1 1
termrome.io/lexer/Nodes.go:63.19,65.3 1 1
termrome.io/lexer/Nodes.go:67.2,75.8 1 1
termrome.io/lexer/StateMachine.go:29.54,31.2 1 1
termrome.io/lexer/StateMachine.go:33.56,35.2 1 1
termrome.io/lexer/StateMachine.go:38.79,39.57 1 1
termrome.io/lexer/StateMachine.go:39.57,42.17 2 1
termrome.io/lexer/StateMachine.go:42.17,44.4 1 1
termrome.io/lexer/StateMachine.go:46.2,48.12 3 1
termrome.io/lexer/StateMachine.go:51.52,53.2 1 1
termrome.io/lexer/StateMachine.go:55.58,57.2 1 1
termrome.io/lexer/StateMachine.go:59.77,64.2 4 1
termrome.io/lexer/StateMachine.go:66.64,68.2 1 1
termrome.io/lexer/StateMachine.go:70.76,74.2 3 1
termrome.io/lexer/StateMachine.go:76.85,81.2 1 1
termrome.io/lexer/StateMachine.go:83.37,91.2 1 1
termrome.io/lexer/StateMachine.go:93.79,98.2 1 1
termrome.io/lexer/StateMachine.go:100.85,106.2 3 1
termrome.io/lexer/Token.go:10.38,12.2 1 1
termrome.io/lexer/Token.go:14.36,16.2 1 1
termrome.io/lexer/Token.go:18.45,23.2 1 1
termrome.io/lexer/Token.go:25.45,29.2 1 1
termrome.io/lexer/TransitionStrategyBuilder.go:11.110,14.2 2 1
termrome.io/lexer/TransitionStrategyBuilder.go:16.117,17.32 1 1
termrome.io/lexer/TransitionStrategyBuilder.go:17.32,19.3 1 1
termrome.io/lexer/TransitionStrategyBuilder.go:20.2,20.34 1 1
termrome.io/lexer/TransitionStrategyBuilder.go:23.120,24.32 1 1
termrome.io/lexer/TransitionStrategyBuilder.go:24.32,26.3 1 1
termrome.io/lexer/TransitionStrategyBuilder.go:27.2,27.34 1 1
termrome.io/lexer/TransitionStrategyBuilder.go:30.100,31.55 1 1
termrome.io/lexer/TransitionStrategyBuilder.go:31.55,34.48 2 1
termrome.io/lexer/TransitionStrategyBuilder.go:34.48,35.72 1 1
termrome.io/lexer/TransitionStrategyBuilder.go:35.72,37.5 1 1
termrome.io/lexer/TransitionStrategyBuilder.go:40.3,40.51 1 1
termrome.io/lexer/TransitionStrategyBuilder.go:40.51,41.74 1 1
termrome.io/lexer/TransitionStrategyBuilder.go:41.74,43.5 1 1
termrome.io/lexer/TransitionStrategyBuilder.go:46.3,46.126 1 1
termrome.io/lexer/TransitionStrategyBuilder.go:46.126,48.4 1 1
termrome.io/lexer/TransitionStrategyBuilder.go:50.3,50.27 1 1
termrome.io/lexer/TransitionStrategyBuilder.go:54.64,59.2 1 1
termrome.io/lexer/Utils.go:61.63,62.22 1 1
termrome.io/lexer/Utils.go:62.22,66.3 3 1
termrome.io/lexer/Utils.go:68.2,71.96 3 1
termrome.io/lexer/Utils.go:71.96,73.3 1 1
termrome.io/lexer/Utils.go:75.2,75.120 1 1
termrome.io/lexer/Utils.go:75.120,77.3 1 1
termrome.io/lexer/Utils.go:79.2,79.20 1 1
termrome.io/lexer/Utils.go:82.85,84.2 1 1
termrome.io/lexer/Utils.go:86.67,88.2 1 1
termrome.io/lexer/Utils.go:90.37,91.45 1 1
termrome.io/lexer/Utils.go:91.45,93.3 1 1
termrome.io/lexer/Utils.go:95.2,95.14 1 1
termrome.io/lexer/Lexer.go:7.55,14.2 2 0
termrome.io/lexer/Lexer.go:16.52,23.37 5 0
termrome.io/lexer/Lexer.go:23.37,25.24 2 0
termrome.io/lexer/Lexer.go:25.24,28.4 2 0
termrome.io/lexer/Lexer.go:30.3,30.14 1 0
termrome.io/lexer/Lexer.go:33.2,39.86 2 0
termrome.io/lexer/Lexer.go:39.86,40.109 1 0
termrome.io/lexer/Lexer.go:40.109,43.23 2 0
termrome.io/lexer/Lexer.go:43.23,45.5 1 0
termrome.io/lexer/Lexer.go:47.4,47.28 1 0
termrome.io/lexer/Lexer.go:47.28,49.26 2 0
termrome.io/lexer/Lexer.go:49.26,51.6 1 0
termrome.io/lexer/Lexer.go:51.11,53.6 1 0
termrome.io/lexer/Lexer.go:57.3,57.26 1 0
termrome.io/lexer/Lexer.go:57.26,60.21 2 0
termrome.io/lexer/Lexer.go:60.21,62.5 1 0
termrome.io/lexer/Lexer.go:64.4,66.26 2 0
termrome.io/lexer/Lexer.go:66.26,69.5 2 0
termrome.io/lexer/Lexer.go:71.4,71.93 1 0
termrome.io/lexer/Lexer.go:74.3,74.13 1 0
termrome.io/lexer/Lexer.go:77.2,77.49 1 0
termrome.io/lexer/Lexer.go:77.49,80.45 1 0
termrome.io/lexer/Lexer.go:80.45,87.18 2 0
termrome.io/lexer/Lexer.go:87.18,89.5 1 0
termrome.io/lexer/Lexer.go:90.4,90.12 1 0
termrome.io/lexer/Lexer.go:93.3,93.47 1 0
termrome.io/lexer/Lexer.go:93.47,100.18 2 0
termrome.io/lexer/Lexer.go:100.18,102.5 1 0
termrome.io/lexer/Lexer.go:103.4,103.12 1 0
termrome.io/lexer/Lexer.go:106.3,106.46 1 0
termrome.io/lexer/Lexer.go:106.46,113.18 2 0
termrome.io/lexer/Lexer.go:113.18,115.5 1 0
termrome.io/lexer/Lexer.go:116.4,116.12 1 0
termrome.io/lexer/Lexer.go:120.3,120.56 1 0
termrome.io/lexer/Lexer.go:120.56,123.18 2 0
termrome.io/lexer/Lexer.go:123.18,125.5 1 0
termrome.io/lexer/Lexer.go:127.4,133.18 2 0
termrome.io/lexer/Lexer.go:133.18,135.5 1 0
termrome.io/lexer/Lexer.go:136.4,136.12 1 0
termrome.io/lexer/Lexer.go:139.3,139.52 1 0
termrome.io/lexer/Lexer.go:139.52,140.12 1 0
termrome.io/lexer/Lexer.go:144.3,144.46 1 0
termrome.io/lexer/Lexer.go:144.46,149.19 4 0
termrome.io/lexer/Lexer.go:149.19,151.5 1 0
termrome.io/lexer/Lexer.go:153.4,153.55 1 0
termrome.io/lexer/Lexer.go:153.55,158.5 4 0
termrome.io/lexer/Lexer.go:160.4,160.25 1 0
termrome.io/lexer/Lexer.go:160.25,162.5 1 0
termrome.io/lexer/Lexer.go:162.10,162.26 1 0
termrome.io/lexer/Lexer.go:162.26,164.5 1 0
termrome.io/lexer/Lexer.go:165.4,171.18 2 0
termrome.io/lexer/Lexer.go:171.18,173.5 1 0
termrome.io/lexer/Lexer.go:174.4,174.12 1 0
termrome.io/lexer/Lexer.go:177.3,177.43 1 0
termrome.io/lexer/Lexer.go:177.43,182.18 4 0
termrome.io/lexer/Lexer.go:182.18,184.5 1 0
termrome.io/lexer/Lexer.go:186.4,189.40 3 0
termrome.io/lexer/Lexer.go:189.40,191.5 1 0
termrome.io/lexer/Lexer.go:193.4,199.18 2 0
termrome.io/lexer/Lexer.go:199.18,201.5 1 0
termrome.io/lexer/Lexer.go:202.4,202.12 1 0
termrome.io/lexer/Lexer.go:205.3,205.44 1 0
termrome.io/lexer/Lexer.go:205.44,212.58 2 0
termrome.io/lexer/Lexer.go:212.58,219.19 2 0
termrome.io/lexer/Lexer.go:219.19,221.6 1 0
termrome.io/lexer/Lexer.go:222.5,222.13 1 0
termrome.io/lexer/Lexer.go:225.4,225.22 1 0
termrome.io/lexer/Lexer.go:225.22,226.13 1 0
termrome.io/lexer/Lexer.go:229.4,237.40 4 0
termrome.io/lexer/Lexer.go:237.40,239.5 1 0
termrome.io/lexer/Lexer.go:239.10,239.40 1 0
termrome.io/lexer/Lexer.go:239.40,241.5 1 0
termrome.io/lexer/Lexer.go:243.4,249.18 2 0
termrome.io/lexer/Lexer.go:249.18,251.5 1 0
termrome.io/lexer/Lexer.go:252.4,253.12 2 0
termrome.io/lexer/Lexer.go:256.3,256.41 1 0
termrome.io/lexer/Lexer.go:256.41,260.40 3 0
termrome.io/lexer/Lexer.go:260.40,267.19 2 0
termrome.io/lexer/Lexer.go:267.19,269.6 1 0
termrome.io/lexer/Lexer.go:270.5,270.13 1 0
termrome.io/lexer/Lexer.go:273.4,273.82 1 0
termrome.io/lexer/Lexer.go:273.82,276.5 2 0
termrome.io/lexer/Lexer.go:277.4,283.18 2 0
termrome.io/lexer/Lexer.go:283.18,285.5 1 0
termrome.io/lexer/Lexer.go:286.4,286.12 1 0
termrome.io/lexer/Lexer.go:289.3,289.42 1 0
termrome.io/lexer/Lexer.go:289.42,292.102 2 0
termrome.io/lexer/Lexer.go:292.102,293.13 1 0
termrome.io/lexer/Lexer.go:296.4,298.26 2 0
termrome.io/lexer/Lexer.go:298.26,300.5 1 0
termrome.io/lexer/Lexer.go:302.4,311.19 3 0
termrome.io/lexer/Lexer.go:311.19,313.5 1 0
termrome.io/lexer/Lexer.go:315.4,317.14 3 0
termrome.io/lexer/Lexer.go:317.14,320.5 2 0
termrome.io/lexer/Lexer.go:320.10,325.5 1 0
termrome.io/lexer/Lexer.go:327.4,330.40 3 0
termrome.io/lexer/Lexer.go:330.40,332.5 1 0
termrome.io/lexer/Lexer.go:334.4,340.18 2 0
termrome.io/lexer/Lexer.go:340.18,342.5 1 0
termrome.io/lexer/Lexer.go:346.2,346.23 1 0
termrome.io/lexer/Lexer.go:346.23,350.25 3 0
termrome.io/lexer/Lexer.go:350.25,354.4 3 0
termrome.io/lexer/Lexer.go:356.3,356.30 1 0
termrome.io/lexer/Lexer.go:359.2,360.28 2 0
termrome.io/lexer/Lexer.go:360.28,363.22 3 0
termrome.io/lexer/Lexer.go:363.22,364.51 1 0
termrome.io/lexer/Lexer.go:364.51,365.28 1 0
termrome.io/lexer/Lexer.go:365.28,367.6 1 0
termrome.io/lexer/Lexer.go:368.10,370.5 1 0
termrome.io/lexer/Lexer.go:374.2,374.19 1 0
termrome.io/lexer/Nodes.go:19.37,19.54 1 0
termrome.io/lexer/Nodes.go:36.40,36.57 1 0
termrome.io/lexer/Nodes.go:38.57,44.2 4 0
termrome.io/lexer/Nodes.go:46.56,50.2 3 0
termrome.io/lexer/Nodes.go:53.44,60.2 2 0
termrome.io/lexer/Nodes.go:62.59,63.19 1 0
termrome.io/lexer/Nodes.go:63.19,65.3 1 0
termrome.io/lexer/Nodes.go:67.2,75.8 1 0
termrome.io/lexer/StateMachine.go:29.54,31.2 1 0
termrome.io/lexer/StateMachine.go:33.56,35.2 1 0
termrome.io/lexer/StateMachine.go:38.79,39.57 1 0
termrome.io/lexer/StateMachine.go:39.57,42.17 2 0
termrome.io/lexer/StateMachine.go:42.17,44.4 1 0
termrome.io/lexer/StateMachine.go:46.2,48.12 3 0
termrome.io/lexer/StateMachine.go:51.52,53.2 1 0
termrome.io/lexer/StateMachine.go:55.58,57.2 1 0
termrome.io/lexer/StateMachine.go:59.77,64.2 4 0
termrome.io/lexer/StateMachine.go:66.64,68.2 1 0
termrome.io/lexer/StateMachine.go:70.76,74.2 3 0
termrome.io/lexer/StateMachine.go:76.85,81.2 1 0
termrome.io/lexer/StateMachine.go:83.37,91.2 1 0
termrome.io/lexer/StateMachine.go:93.79,98.2 1 0
termrome.io/lexer/StateMachine.go:100.85,106.2 3 0
termrome.io/lexer/Token.go:10.38,12.2 1 0
termrome.io/lexer/Token.go:14.36,16.2 1 0
termrome.io/lexer/Token.go:18.45,23.2 1 0
termrome.io/lexer/Token.go:25.45,29.2 1 0
termrome.io/lexer/TransitionStrategyBuilder.go:11.110,14.2 2 0
termrome.io/lexer/TransitionStrategyBuilder.go:16.117,17.32 1 0
termrome.io/lexer/TransitionStrategyBuilder.go:17.32,19.3 1 0
termrome.io/lexer/TransitionStrategyBuilder.go:20.2,20.34 1 0
termrome.io/lexer/TransitionStrategyBuilder.go:23.120,24.32 1 0
termrome.io/lexer/TransitionStrategyBuilder.go:24.32,26.3 1 0
termrome.io/lexer/TransitionStrategyBuilder.go:27.2,27.34 1 0
termrome.io/lexer/TransitionStrategyBuilder.go:30.100,31.55 1 0
termrome.io/lexer/TransitionStrategyBuilder.go:31.55,34.48 2 0
termrome.io/lexer/TransitionStrategyBuilder.go:34.48,35.72 1 0
termrome.io/lexer/TransitionStrategyBuilder.go:35.72,37.5 1 0
termrome.io/lexer/TransitionStrategyBuilder.go:40.3,40.51 1 0
termrome.io/lexer/TransitionStrategyBuilder.go:40.51,41.74 1 0
termrome.io/lexer/TransitionStrategyBuilder.go:41.74,43.5 1 0
termrome.io/lexer/TransitionStrategyBuilder.go:46.3,46.126 1 0
termrome.io/lexer/TransitionStrategyBuilder.go:46.126,48.4 1 0
termrome.io/lexer/TransitionStrategyBuilder.go:50.3,50.27 1 0
termrome.io/lexer/TransitionStrategyBuilder.go:54.64,59.2 1 0
termrome.io/lexer/Utils.go:61.63,62.22 1 0
termrome.io/lexer/Utils.go:62.22,66.3 3 0
termrome.io/lexer/Utils.go:68.2,71.96 3 0
termrome.io/lexer/Utils.go:71.96,73.3 1 0
termrome.io/lexer/Utils.go:75.2,75.120 1 0
termrome.io/lexer/Utils.go:75.120,77.3 1 0
termrome.io/lexer/Utils.go:79.2,79.20 1 0
termrome.io/lexer/Utils.go:82.85,84.2 1 0
termrome.io/lexer/Utils.go:86.67,88.2 1 0
termrome.io/lexer/Utils.go:90.37,91.45 1 0
termrome.io/lexer/Utils.go:91.45,93.3 1 0
termrome.io/lexer/Utils.go:95.2,95.14 1 0
